[2022-08-26 16:24:44] laravel.EMERGENCY: Unable to create configured logger. Using emergency logger. {"exception":"[object] (Error(code: 0): Class \"Illuminate\\Support\\Collection\" not found at C:\\xampp\\htdocs\\garage\\vendor\\laravel\\framework\\src\\Illuminate\\Collections\\helpers.php:15)
[stacktrace]
#0 C:\\xampp\\htdocs\\garage\\vendor\\laravel\\framework\\src\\Illuminate\\Log\\LogManager.php(244): collect(Array)
#1 C:\\xampp\\htdocs\\garage\\vendor\\laravel\\framework\\src\\Illuminate\\Log\\LogManager.php(202): Illuminate\\Log\\LogManager->createStackDriver(Array)
#2 C:\\xampp\\htdocs\\garage\\vendor\\laravel\\framework\\src\\Illuminate\\Log\\LogManager.php(118): Illuminate\\Log\\LogManager->resolve('stack')
#3 C:\\xampp\\htdocs\\garage\\vendor\\laravel\\framework\\src\\Illuminate\\Log\\LogManager.php(98): Illuminate\\Log\\LogManager->get('stack')
#4 C:\\xampp\\htdocs\\garage\\vendor\\laravel\\framework\\src\\Illuminate\\Log\\LogManager.php(551): Illuminate\\Log\\LogManager->driver()
#5 C:\\xampp\\htdocs\\garage\\vendor\\laravel\\framework\\src\\Illuminate\\Foundation\\Exceptions\\Handler.php(242): Illuminate\\Log\\LogManager->error('During inherita...', Array)
#6 C:\\xampp\\htdocs\\garage\\app\\Exceptions\\Handler.php(51): Illuminate\\Foundation\\Exceptions\\Handler->report(Object(Symfony\\Component\\ErrorHandler\\Error\\FatalError))
#7 C:\\xampp\\htdocs\\garage\\vendor\\laravel\\framework\\src\\Illuminate\\Foundation\\Bootstrap\\HandleExceptions.php(88): App\\Exceptions\\Handler->report(Object(Symfony\\Component\\ErrorHandler\\Error\\FatalError))
#8 C:\\xampp\\htdocs\\garage\\vendor\\laravel\\framework\\src\\Illuminate\\Foundation\\Bootstrap\\HandleExceptions.php(130): Illuminate\\Foundation\\Bootstrap\\HandleExceptions->handleException(Object(Symfony\\Component\\ErrorHandler\\Error\\FatalError))
#9 [internal function]: Illuminate\\Foundation\\Bootstrap\\HandleExceptions->handleShutdown()
#10 {main}
"} 
[2022-08-26 16:24:44] laravel.ERROR: During inheritance of ArrayAccess: Uncaught ErrorException: Return type of Illuminate\Support\Collection::offsetExists($key) should either be compatible with ArrayAccess::offsetExists(mixed $offset): bool, or the #[\ReturnTypeWillChange] attribute should be used to temporarily suppress the notice in C:\xampp\htdocs\garage\vendor\laravel\framework\src\Illuminate\Collections\Collection.php:1411
Stack trace:
#0 C:\xampp\htdocs\garage\vendor\laravel\framework\src\Illuminate\Collections\Collection.php(11): Illuminate\Foundation\Bootstrap\HandleExceptions->handleError(8192, 'Return type of ...', 'C:\\xampp\\htdocs...', 1411)
#1 C:\xampp\htdocs\garage\vendor\composer\ClassLoader.php(476): include('C:\\xampp\\htdocs...')
#2 C:\xampp\htdocs\garage\vendor\composer\ClassLoader.php(344): Composer\Autoload\includeFile('C:\\xampp\\htdocs...')
#3 C:\xampp\htdocs\garage\vendor\laravel\framework\src\Illuminate\Collections\helpers.php(15): Composer\Autoload\ClassLoader->loadClass('Illuminate\\Supp...')
#4 C:\xampp\htdocs\garage\vendor\laravel\framework\src\Illuminate\Foundation\PackageManifest.php(89): collect(Array)
#5 C:\xampp\htdocs\garage\vendor\laravel\framework\src\Illuminate\Foundation\PackageManifest.php(78): Illuminate\Foundation\PackageManifest->config('aliases')
#6 C:\xampp\htdocs\garage\vendor\laravel\framework\src\Illuminate\Foundation\Bootstrap\RegisterFacades.php(26): Illuminate\Foundation\PackageManifest->aliases()
#7 C:\xampp\htdocs\garage\vendor\laravel\framework\src\Illuminate\Foundation\Application.php(237): Illuminate\Foundation\Bootstrap\RegisterFacades->bootstrap(Object(Illuminate\Foundation\Application))
#8 C:\xampp\htdocs\garage\vendor\laravel\framework\src\Illuminate\Foundation\Http\Kernel.php(152): Illuminate\Foundation\Application->bootstrapWith(Array)
#9 C:\xampp\htdocs\garage\vendor\laravel\framework\src\Illuminate\Foundation\Http\Kernel.php(136): Illuminate\Foundation\Http\Kernel->bootstrap()
#10 C:\xampp\htdocs\garage\vendor\laravel\framework\src\Illuminate\Foundation\Http\Kernel.php(110): Illuminate\Foundation\Http\Kernel->sendRequestThroughRouter(Object(Illuminate\Http\Request))
#11 C:\xampp\htdocs\garage\public\index.php(55): Illuminate\Foundation\Http\Kernel->handle(Object(Illuminate\Http\Request))
#12 C:\xampp\htdocs\garage\index.php(21): require_once('C:\\xampp\\htdocs...')
#13 {main} {"exception":"[object] (Symfony\\Component\\ErrorHandler\\Error\\FatalError(code: 0): During inheritance of ArrayAccess: Uncaught ErrorException: Return type of Illuminate\\Support\\Collection::offsetExists($key) should either be compatible with ArrayAccess::offsetExists(mixed $offset): bool, or the #[\\ReturnTypeWillChange] attribute should be used to temporarily suppress the notice in C:\\xampp\\htdocs\\garage\\vendor\\laravel\\framework\\src\\Illuminate\\Collections\\Collection.php:1411
Stack trace:
#0 C:\\xampp\\htdocs\\garage\\vendor\\laravel\\framework\\src\\Illuminate\\Collections\\Collection.php(11): Illuminate\\Foundation\\Bootstrap\\HandleExceptions->handleError(8192, 'Return type of ...', 'C:\\\\xampp\\\\htdocs...', 1411)
#1 C:\\xampp\\htdocs\\garage\\vendor\\composer\\ClassLoader.php(476): include('C:\\\\xampp\\\\htdocs...')
#2 C:\\xampp\\htdocs\\garage\\vendor\\composer\\ClassLoader.php(344): Composer\\Autoload\\includeFile('C:\\\\xampp\\\\htdocs...')
#3 C:\\xampp\\htdocs\\garage\\vendor\\laravel\\framework\\src\\Illuminate\\Collections\\helpers.php(15): Composer\\Autoload\\ClassLoader->loadClass('Illuminate\\\\Supp...')
#4 C:\\xampp\\htdocs\\garage\\vendor\\laravel\\framework\\src\\Illuminate\\Foundation\\PackageManifest.php(89): collect(Array)
#5 C:\\xampp\\htdocs\\garage\\vendor\\laravel\\framework\\src\\Illuminate\\Foundation\\PackageManifest.php(78): Illuminate\\Foundation\\PackageManifest->config('aliases')
#6 C:\\xampp\\htdocs\\garage\\vendor\\laravel\\framework\\src\\Illuminate\\Foundation\\Bootstrap\\RegisterFacades.php(26): Illuminate\\Foundation\\PackageManifest->aliases()
#7 C:\\xampp\\htdocs\\garage\\vendor\\laravel\\framework\\src\\Illuminate\\Foundation\\Application.php(237): Illuminate\\Foundation\\Bootstrap\\RegisterFacades->bootstrap(Object(Illuminate\\Foundation\\Application))
#8 C:\\xampp\\htdocs\\garage\\vendor\\laravel\\framework\\src\\Illuminate\\Foundation\\Http\\Kernel.php(152): Illuminate\\Foundation\\Application->bootstrapWith(Array)
#9 C:\\xampp\\htdocs\\garage\\vendor\\laravel\\framework\\src\\Illuminate\\Foundation\\Http\\Kernel.php(136): Illuminate\\Foundation\\Http\\Kernel->bootstrap()
#10 C:\\xampp\\htdocs\\garage\\vendor\\laravel\\framework\\src\\Illuminate\\Foundation\\Http\\Kernel.php(110): Illuminate\\Foundation\\Http\\Kernel->sendRequestThroughRouter(Object(Illuminate\\Http\\Request))
#11 C:\\xampp\\htdocs\\garage\\public\\index.php(55): Illuminate\\Foundation\\Http\\Kernel->handle(Object(Illuminate\\Http\\Request))
#12 C:\\xampp\\htdocs\\garage\\index.php(21): require_once('C:\\\\xampp\\\\htdocs...')
#13 {main} at C:\\xampp\\htdocs\\garage\\vendor\\laravel\\framework\\src\\Illuminate\\Collections\\Collection.php:11)
[stacktrace]
#0 {main}
"} 
[2022-08-26 16:25:22] laravel.EMERGENCY: Unable to create configured logger. Using emergency logger. {"exception":"[object] (Error(code: 0): Class \"Illuminate\\Support\\Collection\" not found at C:\\xampp\\htdocs\\garage\\vendor\\laravel\\framework\\src\\Illuminate\\Collections\\helpers.php:15)
[stacktrace]
#0 C:\\xampp\\htdocs\\garage\\vendor\\laravel\\framework\\src\\Illuminate\\Log\\LogManager.php(244): collect(Array)
#1 C:\\xampp\\htdocs\\garage\\vendor\\laravel\\framework\\src\\Illuminate\\Log\\LogManager.php(202): Illuminate\\Log\\LogManager->createStackDriver(Array)
#2 C:\\xampp\\htdocs\\garage\\vendor\\laravel\\framework\\src\\Illuminate\\Log\\LogManager.php(118): Illuminate\\Log\\LogManager->resolve('stack')
#3 C:\\xampp\\htdocs\\garage\\vendor\\laravel\\framework\\src\\Illuminate\\Log\\LogManager.php(98): Illuminate\\Log\\LogManager->get('stack')
#4 C:\\xampp\\htdocs\\garage\\vendor\\laravel\\framework\\src\\Illuminate\\Log\\LogManager.php(551): Illuminate\\Log\\LogManager->driver()
#5 C:\\xampp\\htdocs\\garage\\vendor\\laravel\\framework\\src\\Illuminate\\Foundation\\Exceptions\\Handler.php(242): Illuminate\\Log\\LogManager->error('During inherita...', Array)
#6 C:\\xampp\\htdocs\\garage\\app\\Exceptions\\Handler.php(51): Illuminate\\Foundation\\Exceptions\\Handler->report(Object(Symfony\\Component\\ErrorHandler\\Error\\FatalError))
#7 C:\\xampp\\htdocs\\garage\\vendor\\laravel\\framework\\src\\Illuminate\\Foundation\\Bootstrap\\HandleExceptions.php(88): App\\Exceptions\\Handler->report(Object(Symfony\\Component\\ErrorHandler\\Error\\FatalError))
#8 C:\\xampp\\htdocs\\garage\\vendor\\laravel\\framework\\src\\Illuminate\\Foundation\\Bootstrap\\HandleExceptions.php(130): Illuminate\\Foundation\\Bootstrap\\HandleExceptions->handleException(Object(Symfony\\Component\\ErrorHandler\\Error\\FatalError))
#9 [internal function]: Illuminate\\Foundation\\Bootstrap\\HandleExceptions->handleShutdown()
#10 {main}
"} 
[2022-08-26 16:25:22] laravel.ERROR: During inheritance of ArrayAccess: Uncaught ErrorException: Return type of Illuminate\Support\Collection::offsetExists($key) should either be compatible with ArrayAccess::offsetExists(mixed $offset): bool, or the #[\ReturnTypeWillChange] attribute should be used to temporarily suppress the notice in C:\xampp\htdocs\garage\vendor\laravel\framework\src\Illuminate\Collections\Collection.php:1411
Stack trace:
#0 C:\xampp\htdocs\garage\vendor\laravel\framework\src\Illuminate\Collections\Collection.php(11): Illuminate\Foundation\Bootstrap\HandleExceptions->handleError(8192, 'Return type of ...', 'C:\\xampp\\htdocs...', 1411)
#1 C:\xampp\htdocs\garage\vendor\composer\ClassLoader.php(476): include('C:\\xampp\\htdocs...')
#2 C:\xampp\htdocs\garage\vendor\composer\ClassLoader.php(344): Composer\Autoload\includeFile('C:\\xampp\\htdocs...')
#3 C:\xampp\htdocs\garage\vendor\laravel\framework\src\Illuminate\Collections\helpers.php(15): Composer\Autoload\ClassLoader->loadClass('Illuminate\\Supp...')
#4 C:\xampp\htdocs\garage\vendor\laravel\framework\src\Illuminate\Foundation\PackageManifest.php(89): collect(Array)
#5 C:\xampp\htdocs\garage\vendor\laravel\framework\src\Illuminate\Foundation\PackageManifest.php(78): Illuminate\Foundation\PackageManifest->config('aliases')
#6 C:\xampp\htdocs\garage\vendor\laravel\framework\src\Illuminate\Foundation\Bootstrap\RegisterFacades.php(26): Illuminate\Foundation\PackageManifest->aliases()
#7 C:\xampp\htdocs\garage\vendor\laravel\framework\src\Illuminate\Foundation\Application.php(237): Illuminate\Foundation\Bootstrap\RegisterFacades->bootstrap(Object(Illuminate\Foundation\Application))
#8 C:\xampp\htdocs\garage\vendor\laravel\framework\src\Illuminate\Foundation\Http\Kernel.php(152): Illuminate\Foundation\Application->bootstrapWith(Array)
#9 C:\xampp\htdocs\garage\vendor\laravel\framework\src\Illuminate\Foundation\Http\Kernel.php(136): Illuminate\Foundation\Http\Kernel->bootstrap()
#10 C:\xampp\htdocs\garage\vendor\laravel\framework\src\Illuminate\Foundation\Http\Kernel.php(110): Illuminate\Foundation\Http\Kernel->sendRequestThroughRouter(Object(Illuminate\Http\Request))
#11 C:\xampp\htdocs\garage\public\index.php(55): Illuminate\Foundation\Http\Kernel->handle(Object(Illuminate\Http\Request))
#12 C:\xampp\htdocs\garage\index.php(21): require_once('C:\\xampp\\htdocs...')
#13 {main} {"exception":"[object] (Symfony\\Component\\ErrorHandler\\Error\\FatalError(code: 0): During inheritance of ArrayAccess: Uncaught ErrorException: Return type of Illuminate\\Support\\Collection::offsetExists($key) should either be compatible with ArrayAccess::offsetExists(mixed $offset): bool, or the #[\\ReturnTypeWillChange] attribute should be used to temporarily suppress the notice in C:\\xampp\\htdocs\\garage\\vendor\\laravel\\framework\\src\\Illuminate\\Collections\\Collection.php:1411
Stack trace:
#0 C:\\xampp\\htdocs\\garage\\vendor\\laravel\\framework\\src\\Illuminate\\Collections\\Collection.php(11): Illuminate\\Foundation\\Bootstrap\\HandleExceptions->handleError(8192, 'Return type of ...', 'C:\\\\xampp\\\\htdocs...', 1411)
#1 C:\\xampp\\htdocs\\garage\\vendor\\composer\\ClassLoader.php(476): include('C:\\\\xampp\\\\htdocs...')
#2 C:\\xampp\\htdocs\\garage\\vendor\\composer\\ClassLoader.php(344): Composer\\Autoload\\includeFile('C:\\\\xampp\\\\htdocs...')
#3 C:\\xampp\\htdocs\\garage\\vendor\\laravel\\framework\\src\\Illuminate\\Collections\\helpers.php(15): Composer\\Autoload\\ClassLoader->loadClass('Illuminate\\\\Supp...')
#4 C:\\xampp\\htdocs\\garage\\vendor\\laravel\\framework\\src\\Illuminate\\Foundation\\PackageManifest.php(89): collect(Array)
#5 C:\\xampp\\htdocs\\garage\\vendor\\laravel\\framework\\src\\Illuminate\\Foundation\\PackageManifest.php(78): Illuminate\\Foundation\\PackageManifest->config('aliases')
#6 C:\\xampp\\htdocs\\garage\\vendor\\laravel\\framework\\src\\Illuminate\\Foundation\\Bootstrap\\RegisterFacades.php(26): Illuminate\\Foundation\\PackageManifest->aliases()
#7 C:\\xampp\\htdocs\\garage\\vendor\\laravel\\framework\\src\\Illuminate\\Foundation\\Application.php(237): Illuminate\\Foundation\\Bootstrap\\RegisterFacades->bootstrap(Object(Illuminate\\Foundation\\Application))
#8 C:\\xampp\\htdocs\\garage\\vendor\\laravel\\framework\\src\\Illuminate\\Foundation\\Http\\Kernel.php(152): Illuminate\\Foundation\\Application->bootstrapWith(Array)
#9 C:\\xampp\\htdocs\\garage\\vendor\\laravel\\framework\\src\\Illuminate\\Foundation\\Http\\Kernel.php(136): Illuminate\\Foundation\\Http\\Kernel->bootstrap()
#10 C:\\xampp\\htdocs\\garage\\vendor\\laravel\\framework\\src\\Illuminate\\Foundation\\Http\\Kernel.php(110): Illuminate\\Foundation\\Http\\Kernel->sendRequestThroughRouter(Object(Illuminate\\Http\\Request))
#11 C:\\xampp\\htdocs\\garage\\public\\index.php(55): Illuminate\\Foundation\\Http\\Kernel->handle(Object(Illuminate\\Http\\Request))
#12 C:\\xampp\\htdocs\\garage\\index.php(21): require_once('C:\\\\xampp\\\\htdocs...')
#13 {main} at C:\\xampp\\htdocs\\garage\\vendor\\laravel\\framework\\src\\Illuminate\\Collections\\Collection.php:11)
[stacktrace]
#0 {main}
"} 
[2022-08-26 16:47:35] laravel.EMERGENCY: Unable to create configured logger. Using emergency logger. {"exception":"[object] (Error(code: 0): Class \"Illuminate\\Support\\Collection\" not found at C:\\xampp\\htdocs\\garage\\vendor\\laravel\\framework\\src\\Illuminate\\Collections\\helpers.php:15)
[stacktrace]
#0 C:\\xampp\\htdocs\\garage\\vendor\\laravel\\framework\\src\\Illuminate\\Log\\LogManager.php(244): collect(Array)
#1 C:\\xampp\\htdocs\\garage\\vendor\\laravel\\framework\\src\\Illuminate\\Log\\LogManager.php(202): Illuminate\\Log\\LogManager->createStackDriver(Array)
#2 C:\\xampp\\htdocs\\garage\\vendor\\laravel\\framework\\src\\Illuminate\\Log\\LogManager.php(118): Illuminate\\Log\\LogManager->resolve('stack')
#3 C:\\xampp\\htdocs\\garage\\vendor\\laravel\\framework\\src\\Illuminate\\Log\\LogManager.php(98): Illuminate\\Log\\LogManager->get('stack')
#4 C:\\xampp\\htdocs\\garage\\vendor\\laravel\\framework\\src\\Illuminate\\Log\\LogManager.php(551): Illuminate\\Log\\LogManager->driver()
#5 C:\\xampp\\htdocs\\garage\\vendor\\laravel\\framework\\src\\Illuminate\\Foundation\\Exceptions\\Handler.php(242): Illuminate\\Log\\LogManager->error('During inherita...', Array)
#6 C:\\xampp\\htdocs\\garage\\app\\Exceptions\\Handler.php(51): Illuminate\\Foundation\\Exceptions\\Handler->report(Object(Symfony\\Component\\ErrorHandler\\Error\\FatalError))
#7 C:\\xampp\\htdocs\\garage\\vendor\\laravel\\framework\\src\\Illuminate\\Foundation\\Bootstrap\\HandleExceptions.php(88): App\\Exceptions\\Handler->report(Object(Symfony\\Component\\ErrorHandler\\Error\\FatalError))
#8 C:\\xampp\\htdocs\\garage\\vendor\\laravel\\framework\\src\\Illuminate\\Foundation\\Bootstrap\\HandleExceptions.php(130): Illuminate\\Foundation\\Bootstrap\\HandleExceptions->handleException(Object(Symfony\\Component\\ErrorHandler\\Error\\FatalError))
#9 [internal function]: Illuminate\\Foundation\\Bootstrap\\HandleExceptions->handleShutdown()
#10 {main}
"} 
[2022-08-26 16:47:35] laravel.ERROR: During inheritance of ArrayAccess: Uncaught ErrorException: Return type of Illuminate\Support\Collection::offsetExists($key) should either be compatible with ArrayAccess::offsetExists(mixed $offset): bool, or the #[\ReturnTypeWillChange] attribute should be used to temporarily suppress the notice in C:\xampp\htdocs\garage\vendor\laravel\framework\src\Illuminate\Collections\Collection.php:1411
Stack trace:
#0 C:\xampp\htdocs\garage\vendor\laravel\framework\src\Illuminate\Collections\Collection.php(11): Illuminate\Foundation\Bootstrap\HandleExceptions->handleError(8192, 'Return type of ...', 'C:\\xampp\\htdocs...', 1411)
#1 C:\xampp\htdocs\garage\vendor\composer\ClassLoader.php(476): include('C:\\xampp\\htdocs...')
#2 C:\xampp\htdocs\garage\vendor\composer\ClassLoader.php(344): Composer\Autoload\includeFile('C:\\xampp\\htdocs...')
#3 C:\xampp\htdocs\garage\vendor\laravel\framework\src\Illuminate\Collections\helpers.php(15): Composer\Autoload\ClassLoader->loadClass('Illuminate\\Supp...')
#4 C:\xampp\htdocs\garage\vendor\laravel\framework\src\Illuminate\Foundation\PackageManifest.php(89): collect(Array)
#5 C:\xampp\htdocs\garage\vendor\laravel\framework\src\Illuminate\Foundation\PackageManifest.php(78): Illuminate\Foundation\PackageManifest->config('aliases')
#6 C:\xampp\htdocs\garage\vendor\laravel\framework\src\Illuminate\Foundation\Bootstrap\RegisterFacades.php(26): Illuminate\Foundation\PackageManifest->aliases()
#7 C:\xampp\htdocs\garage\vendor\laravel\framework\src\Illuminate\Foundation\Application.php(237): Illuminate\Foundation\Bootstrap\RegisterFacades->bootstrap(Object(Illuminate\Foundation\Application))
#8 C:\xampp\htdocs\garage\vendor\laravel\framework\src\Illuminate\Foundation\Http\Kernel.php(152): Illuminate\Foundation\Application->bootstrapWith(Array)
#9 C:\xampp\htdocs\garage\vendor\laravel\framework\src\Illuminate\Foundation\Http\Kernel.php(136): Illuminate\Foundation\Http\Kernel->bootstrap()
#10 C:\xampp\htdocs\garage\vendor\laravel\framework\src\Illuminate\Foundation\Http\Kernel.php(110): Illuminate\Foundation\Http\Kernel->sendRequestThroughRouter(Object(Illuminate\Http\Request))
#11 C:\xampp\htdocs\garage\public\index.php(55): Illuminate\Foundation\Http\Kernel->handle(Object(Illuminate\Http\Request))
#12 C:\xampp\htdocs\garage\index.php(21): require_once('C:\\xampp\\htdocs...')
#13 {main} {"exception":"[object] (Symfony\\Component\\ErrorHandler\\Error\\FatalError(code: 0): During inheritance of ArrayAccess: Uncaught ErrorException: Return type of Illuminate\\Support\\Collection::offsetExists($key) should either be compatible with ArrayAccess::offsetExists(mixed $offset): bool, or the #[\\ReturnTypeWillChange] attribute should be used to temporarily suppress the notice in C:\\xampp\\htdocs\\garage\\vendor\\laravel\\framework\\src\\Illuminate\\Collections\\Collection.php:1411
Stack trace:
#0 C:\\xampp\\htdocs\\garage\\vendor\\laravel\\framework\\src\\Illuminate\\Collections\\Collection.php(11): Illuminate\\Foundation\\Bootstrap\\HandleExceptions->handleError(8192, 'Return type of ...', 'C:\\\\xampp\\\\htdocs...', 1411)
#1 C:\\xampp\\htdocs\\garage\\vendor\\composer\\ClassLoader.php(476): include('C:\\\\xampp\\\\htdocs...')
#2 C:\\xampp\\htdocs\\garage\\vendor\\composer\\ClassLoader.php(344): Composer\\Autoload\\includeFile('C:\\\\xampp\\\\htdocs...')
#3 C:\\xampp\\htdocs\\garage\\vendor\\laravel\\framework\\src\\Illuminate\\Collections\\helpers.php(15): Composer\\Autoload\\ClassLoader->loadClass('Illuminate\\\\Supp...')
#4 C:\\xampp\\htdocs\\garage\\vendor\\laravel\\framework\\src\\Illuminate\\Foundation\\PackageManifest.php(89): collect(Array)
#5 C:\\xampp\\htdocs\\garage\\vendor\\laravel\\framework\\src\\Illuminate\\Foundation\\PackageManifest.php(78): Illuminate\\Foundation\\PackageManifest->config('aliases')
#6 C:\\xampp\\htdocs\\garage\\vendor\\laravel\\framework\\src\\Illuminate\\Foundation\\Bootstrap\\RegisterFacades.php(26): Illuminate\\Foundation\\PackageManifest->aliases()
#7 C:\\xampp\\htdocs\\garage\\vendor\\laravel\\framework\\src\\Illuminate\\Foundation\\Application.php(237): Illuminate\\Foundation\\Bootstrap\\RegisterFacades->bootstrap(Object(Illuminate\\Foundation\\Application))
#8 C:\\xampp\\htdocs\\garage\\vendor\\laravel\\framework\\src\\Illuminate\\Foundation\\Http\\Kernel.php(152): Illuminate\\Foundation\\Application->bootstrapWith(Array)
#9 C:\\xampp\\htdocs\\garage\\vendor\\laravel\\framework\\src\\Illuminate\\Foundation\\Http\\Kernel.php(136): Illuminate\\Foundation\\Http\\Kernel->bootstrap()
#10 C:\\xampp\\htdocs\\garage\\vendor\\laravel\\framework\\src\\Illuminate\\Foundation\\Http\\Kernel.php(110): Illuminate\\Foundation\\Http\\Kernel->sendRequestThroughRouter(Object(Illuminate\\Http\\Request))
#11 C:\\xampp\\htdocs\\garage\\public\\index.php(55): Illuminate\\Foundation\\Http\\Kernel->handle(Object(Illuminate\\Http\\Request))
#12 C:\\xampp\\htdocs\\garage\\index.php(21): require_once('C:\\\\xampp\\\\htdocs...')
#13 {main} at C:\\xampp\\htdocs\\garage\\vendor\\laravel\\framework\\src\\Illuminate\\Collections\\Collection.php:11)
[stacktrace]
#0 {main}
"} 
[2022-08-26 17:06:14] laravel.EMERGENCY: Unable to create configured logger. Using emergency logger. {"exception":"[object] (Error(code: 0): Class \"Illuminate\\Support\\Collection\" not found at C:\\xampp\\htdocs\\garage\\vendor\\laravel\\framework\\src\\Illuminate\\Collections\\helpers.php:15)
[stacktrace]
#0 C:\\xampp\\htdocs\\garage\\vendor\\laravel\\framework\\src\\Illuminate\\Log\\LogManager.php(244): collect(Array)
#1 C:\\xampp\\htdocs\\garage\\vendor\\laravel\\framework\\src\\Illuminate\\Log\\LogManager.php(202): Illuminate\\Log\\LogManager->createStackDriver(Array)
#2 C:\\xampp\\htdocs\\garage\\vendor\\laravel\\framework\\src\\Illuminate\\Log\\LogManager.php(118): Illuminate\\Log\\LogManager->resolve('stack')
#3 C:\\xampp\\htdocs\\garage\\vendor\\laravel\\framework\\src\\Illuminate\\Log\\LogManager.php(98): Illuminate\\Log\\LogManager->get('stack')
#4 C:\\xampp\\htdocs\\garage\\vendor\\laravel\\framework\\src\\Illuminate\\Log\\LogManager.php(551): Illuminate\\Log\\LogManager->driver()
#5 C:\\xampp\\htdocs\\garage\\vendor\\laravel\\framework\\src\\Illuminate\\Foundation\\Exceptions\\Handler.php(242): Illuminate\\Log\\LogManager->error('During inherita...', Array)
#6 C:\\xampp\\htdocs\\garage\\app\\Exceptions\\Handler.php(51): Illuminate\\Foundation\\Exceptions\\Handler->report(Object(Symfony\\Component\\ErrorHandler\\Error\\FatalError))
#7 C:\\xampp\\htdocs\\garage\\vendor\\laravel\\framework\\src\\Illuminate\\Foundation\\Bootstrap\\HandleExceptions.php(88): App\\Exceptions\\Handler->report(Object(Symfony\\Component\\ErrorHandler\\Error\\FatalError))
#8 C:\\xampp\\htdocs\\garage\\vendor\\laravel\\framework\\src\\Illuminate\\Foundation\\Bootstrap\\HandleExceptions.php(130): Illuminate\\Foundation\\Bootstrap\\HandleExceptions->handleException(Object(Symfony\\Component\\ErrorHandler\\Error\\FatalError))
#9 [internal function]: Illuminate\\Foundation\\Bootstrap\\HandleExceptions->handleShutdown()
#10 {main}
"} 
[2022-08-26 17:06:14] laravel.ERROR: During inheritance of ArrayAccess: Uncaught ErrorException: Return type of Illuminate\Support\Collection::offsetExists($key) should either be compatible with ArrayAccess::offsetExists(mixed $offset): bool, or the #[\ReturnTypeWillChange] attribute should be used to temporarily suppress the notice in C:\xampp\htdocs\garage\vendor\laravel\framework\src\Illuminate\Collections\Collection.php:1411
Stack trace:
#0 C:\xampp\htdocs\garage\vendor\laravel\framework\src\Illuminate\Collections\Collection.php(11): Illuminate\Foundation\Bootstrap\HandleExceptions->handleError(8192, 'Return type of ...', 'C:\\xampp\\htdocs...', 1411)
#1 C:\xampp\htdocs\garage\vendor\composer\ClassLoader.php(476): include('C:\\xampp\\htdocs...')
#2 C:\xampp\htdocs\garage\vendor\composer\ClassLoader.php(344): Composer\Autoload\includeFile('C:\\xampp\\htdocs...')
#3 C:\xampp\htdocs\garage\vendor\laravel\framework\src\Illuminate\Collections\helpers.php(15): Composer\Autoload\ClassLoader->loadClass('Illuminate\\Supp...')
#4 C:\xampp\htdocs\garage\vendor\laravel\framework\src\Illuminate\Foundation\PackageManifest.php(89): collect(Array)
#5 C:\xampp\htdocs\garage\vendor\laravel\framework\src\Illuminate\Foundation\PackageManifest.php(78): Illuminate\Foundation\PackageManifest->config('aliases')
#6 C:\xampp\htdocs\garage\vendor\laravel\framework\src\Illuminate\Foundation\Bootstrap\RegisterFacades.php(26): Illuminate\Foundation\PackageManifest->aliases()
#7 C:\xampp\htdocs\garage\vendor\laravel\framework\src\Illuminate\Foundation\Application.php(237): Illuminate\Foundation\Bootstrap\RegisterFacades->bootstrap(Object(Illuminate\Foundation\Application))
#8 C:\xampp\htdocs\garage\vendor\laravel\framework\src\Illuminate\Foundation\Http\Kernel.php(152): Illuminate\Foundation\Application->bootstrapWith(Array)
#9 C:\xampp\htdocs\garage\vendor\laravel\framework\src\Illuminate\Foundation\Http\Kernel.php(136): Illuminate\Foundation\Http\Kernel->bootstrap()
#10 C:\xampp\htdocs\garage\vendor\laravel\framework\src\Illuminate\Foundation\Http\Kernel.php(110): Illuminate\Foundation\Http\Kernel->sendRequestThroughRouter(Object(Illuminate\Http\Request))
#11 C:\xampp\htdocs\garage\public\index.php(55): Illuminate\Foundation\Http\Kernel->handle(Object(Illuminate\Http\Request))
#12 C:\xampp\htdocs\garage\index.php(21): require_once('C:\\xampp\\htdocs...')
#13 {main} {"exception":"[object] (Symfony\\Component\\ErrorHandler\\Error\\FatalError(code: 0): During inheritance of ArrayAccess: Uncaught ErrorException: Return type of Illuminate\\Support\\Collection::offsetExists($key) should either be compatible with ArrayAccess::offsetExists(mixed $offset): bool, or the #[\\ReturnTypeWillChange] attribute should be used to temporarily suppress the notice in C:\\xampp\\htdocs\\garage\\vendor\\laravel\\framework\\src\\Illuminate\\Collections\\Collection.php:1411
Stack trace:
#0 C:\\xampp\\htdocs\\garage\\vendor\\laravel\\framework\\src\\Illuminate\\Collections\\Collection.php(11): Illuminate\\Foundation\\Bootstrap\\HandleExceptions->handleError(8192, 'Return type of ...', 'C:\\\\xampp\\\\htdocs...', 1411)
#1 C:\\xampp\\htdocs\\garage\\vendor\\composer\\ClassLoader.php(476): include('C:\\\\xampp\\\\htdocs...')
#2 C:\\xampp\\htdocs\\garage\\vendor\\composer\\ClassLoader.php(344): Composer\\Autoload\\includeFile('C:\\\\xampp\\\\htdocs...')
#3 C:\\xampp\\htdocs\\garage\\vendor\\laravel\\framework\\src\\Illuminate\\Collections\\helpers.php(15): Composer\\Autoload\\ClassLoader->loadClass('Illuminate\\\\Supp...')
#4 C:\\xampp\\htdocs\\garage\\vendor\\laravel\\framework\\src\\Illuminate\\Foundation\\PackageManifest.php(89): collect(Array)
#5 C:\\xampp\\htdocs\\garage\\vendor\\laravel\\framework\\src\\Illuminate\\Foundation\\PackageManifest.php(78): Illuminate\\Foundation\\PackageManifest->config('aliases')
#6 C:\\xampp\\htdocs\\garage\\vendor\\laravel\\framework\\src\\Illuminate\\Foundation\\Bootstrap\\RegisterFacades.php(26): Illuminate\\Foundation\\PackageManifest->aliases()
#7 C:\\xampp\\htdocs\\garage\\vendor\\laravel\\framework\\src\\Illuminate\\Foundation\\Application.php(237): Illuminate\\Foundation\\Bootstrap\\RegisterFacades->bootstrap(Object(Illuminate\\Foundation\\Application))
#8 C:\\xampp\\htdocs\\garage\\vendor\\laravel\\framework\\src\\Illuminate\\Foundation\\Http\\Kernel.php(152): Illuminate\\Foundation\\Application->bootstrapWith(Array)
#9 C:\\xampp\\htdocs\\garage\\vendor\\laravel\\framework\\src\\Illuminate\\Foundation\\Http\\Kernel.php(136): Illuminate\\Foundation\\Http\\Kernel->bootstrap()
#10 C:\\xampp\\htdocs\\garage\\vendor\\laravel\\framework\\src\\Illuminate\\Foundation\\Http\\Kernel.php(110): Illuminate\\Foundation\\Http\\Kernel->sendRequestThroughRouter(Object(Illuminate\\Http\\Request))
#11 C:\\xampp\\htdocs\\garage\\public\\index.php(55): Illuminate\\Foundation\\Http\\Kernel->handle(Object(Illuminate\\Http\\Request))
#12 C:\\xampp\\htdocs\\garage\\index.php(21): require_once('C:\\\\xampp\\\\htdocs...')
#13 {main} at C:\\xampp\\htdocs\\garage\\vendor\\laravel\\framework\\src\\Illuminate\\Collections\\Collection.php:11)
[stacktrace]
#0 {main}
"} 
[2022-08-26 17:07:43] laravel.EMERGENCY: Unable to create configured logger. Using emergency logger. {"exception":"[object] (Error(code: 0): Class \"Illuminate\\Support\\Collection\" not found at C:\\xampp\\htdocs\\garage\\vendor\\laravel\\framework\\src\\Illuminate\\Collections\\helpers.php:15)
[stacktrace]
#0 C:\\xampp\\htdocs\\garage\\vendor\\laravel\\framework\\src\\Illuminate\\Log\\LogManager.php(244): collect(Array)
#1 C:\\xampp\\htdocs\\garage\\vendor\\laravel\\framework\\src\\Illuminate\\Log\\LogManager.php(202): Illuminate\\Log\\LogManager->createStackDriver(Array)
#2 C:\\xampp\\htdocs\\garage\\vendor\\laravel\\framework\\src\\Illuminate\\Log\\LogManager.php(118): Illuminate\\Log\\LogManager->resolve('stack')
#3 C:\\xampp\\htdocs\\garage\\vendor\\laravel\\framework\\src\\Illuminate\\Log\\LogManager.php(98): Illuminate\\Log\\LogManager->get('stack')
#4 C:\\xampp\\htdocs\\garage\\vendor\\laravel\\framework\\src\\Illuminate\\Log\\LogManager.php(551): Illuminate\\Log\\LogManager->driver()
#5 C:\\xampp\\htdocs\\garage\\vendor\\laravel\\framework\\src\\Illuminate\\Foundation\\Exceptions\\Handler.php(242): Illuminate\\Log\\LogManager->error('During inherita...', Array)
#6 C:\\xampp\\htdocs\\garage\\app\\Exceptions\\Handler.php(51): Illuminate\\Foundation\\Exceptions\\Handler->report(Object(Symfony\\Component\\ErrorHandler\\Error\\FatalError))
#7 C:\\xampp\\htdocs\\garage\\vendor\\laravel\\framework\\src\\Illuminate\\Foundation\\Bootstrap\\HandleExceptions.php(88): App\\Exceptions\\Handler->report(Object(Symfony\\Component\\ErrorHandler\\Error\\FatalError))
#8 C:\\xampp\\htdocs\\garage\\vendor\\laravel\\framework\\src\\Illuminate\\Foundation\\Bootstrap\\HandleExceptions.php(130): Illuminate\\Foundation\\Bootstrap\\HandleExceptions->handleException(Object(Symfony\\Component\\ErrorHandler\\Error\\FatalError))
#9 [internal function]: Illuminate\\Foundation\\Bootstrap\\HandleExceptions->handleShutdown()
#10 {main}
"} 
[2022-08-26 17:07:43] laravel.ERROR: During inheritance of ArrayAccess: Uncaught ErrorException: Return type of Illuminate\Support\Collection::offsetExists($key) should either be compatible with ArrayAccess::offsetExists(mixed $offset): bool, or the #[\ReturnTypeWillChange] attribute should be used to temporarily suppress the notice in C:\xampp\htdocs\garage\vendor\laravel\framework\src\Illuminate\Collections\Collection.php:1411
Stack trace:
#0 C:\xampp\htdocs\garage\vendor\laravel\framework\src\Illuminate\Collections\Collection.php(11): Illuminate\Foundation\Bootstrap\HandleExceptions->handleError(8192, 'Return type of ...', 'C:\\xampp\\htdocs...', 1411)
#1 C:\xampp\htdocs\garage\vendor\composer\ClassLoader.php(476): include('C:\\xampp\\htdocs...')
#2 C:\xampp\htdocs\garage\vendor\composer\ClassLoader.php(344): Composer\Autoload\includeFile('C:\\xampp\\htdocs...')
#3 C:\xampp\htdocs\garage\vendor\laravel\framework\src\Illuminate\Collections\helpers.php(15): Composer\Autoload\ClassLoader->loadClass('Illuminate\\Supp...')
#4 C:\xampp\htdocs\garage\vendor\laravel\framework\src\Illuminate\Foundation\PackageManifest.php(89): collect(Array)
#5 C:\xampp\htdocs\garage\vendor\laravel\framework\src\Illuminate\Foundation\PackageManifest.php(78): Illuminate\Foundation\PackageManifest->config('aliases')
#6 C:\xampp\htdocs\garage\vendor\laravel\framework\src\Illuminate\Foundation\Bootstrap\RegisterFacades.php(26): Illuminate\Foundation\PackageManifest->aliases()
#7 C:\xampp\htdocs\garage\vendor\laravel\framework\src\Illuminate\Foundation\Application.php(237): Illuminate\Foundation\Bootstrap\RegisterFacades->bootstrap(Object(Illuminate\Foundation\Application))
#8 C:\xampp\htdocs\garage\vendor\laravel\framework\src\Illuminate\Foundation\Http\Kernel.php(152): Illuminate\Foundation\Application->bootstrapWith(Array)
#9 C:\xampp\htdocs\garage\vendor\laravel\framework\src\Illuminate\Foundation\Http\Kernel.php(136): Illuminate\Foundation\Http\Kernel->bootstrap()
#10 C:\xampp\htdocs\garage\vendor\laravel\framework\src\Illuminate\Foundation\Http\Kernel.php(110): Illuminate\Foundation\Http\Kernel->sendRequestThroughRouter(Object(Illuminate\Http\Request))
#11 C:\xampp\htdocs\garage\public\index.php(55): Illuminate\Foundation\Http\Kernel->handle(Object(Illuminate\Http\Request))
#12 C:\xampp\htdocs\garage\index.php(21): require_once('C:\\xampp\\htdocs...')
#13 {main} {"exception":"[object] (Symfony\\Component\\ErrorHandler\\Error\\FatalError(code: 0): During inheritance of ArrayAccess: Uncaught ErrorException: Return type of Illuminate\\Support\\Collection::offsetExists($key) should either be compatible with ArrayAccess::offsetExists(mixed $offset): bool, or the #[\\ReturnTypeWillChange] attribute should be used to temporarily suppress the notice in C:\\xampp\\htdocs\\garage\\vendor\\laravel\\framework\\src\\Illuminate\\Collections\\Collection.php:1411
Stack trace:
#0 C:\\xampp\\htdocs\\garage\\vendor\\laravel\\framework\\src\\Illuminate\\Collections\\Collection.php(11): Illuminate\\Foundation\\Bootstrap\\HandleExceptions->handleError(8192, 'Return type of ...', 'C:\\\\xampp\\\\htdocs...', 1411)
#1 C:\\xampp\\htdocs\\garage\\vendor\\composer\\ClassLoader.php(476): include('C:\\\\xampp\\\\htdocs...')
#2 C:\\xampp\\htdocs\\garage\\vendor\\composer\\ClassLoader.php(344): Composer\\Autoload\\includeFile('C:\\\\xampp\\\\htdocs...')
#3 C:\\xampp\\htdocs\\garage\\vendor\\laravel\\framework\\src\\Illuminate\\Collections\\helpers.php(15): Composer\\Autoload\\ClassLoader->loadClass('Illuminate\\\\Supp...')
#4 C:\\xampp\\htdocs\\garage\\vendor\\laravel\\framework\\src\\Illuminate\\Foundation\\PackageManifest.php(89): collect(Array)
#5 C:\\xampp\\htdocs\\garage\\vendor\\laravel\\framework\\src\\Illuminate\\Foundation\\PackageManifest.php(78): Illuminate\\Foundation\\PackageManifest->config('aliases')
#6 C:\\xampp\\htdocs\\garage\\vendor\\laravel\\framework\\src\\Illuminate\\Foundation\\Bootstrap\\RegisterFacades.php(26): Illuminate\\Foundation\\PackageManifest->aliases()
#7 C:\\xampp\\htdocs\\garage\\vendor\\laravel\\framework\\src\\Illuminate\\Foundation\\Application.php(237): Illuminate\\Foundation\\Bootstrap\\RegisterFacades->bootstrap(Object(Illuminate\\Foundation\\Application))
#8 C:\\xampp\\htdocs\\garage\\vendor\\laravel\\framework\\src\\Illuminate\\Foundation\\Http\\Kernel.php(152): Illuminate\\Foundation\\Application->bootstrapWith(Array)
#9 C:\\xampp\\htdocs\\garage\\vendor\\laravel\\framework\\src\\Illuminate\\Foundation\\Http\\Kernel.php(136): Illuminate\\Foundation\\Http\\Kernel->bootstrap()
#10 C:\\xampp\\htdocs\\garage\\vendor\\laravel\\framework\\src\\Illuminate\\Foundation\\Http\\Kernel.php(110): Illuminate\\Foundation\\Http\\Kernel->sendRequestThroughRouter(Object(Illuminate\\Http\\Request))
#11 C:\\xampp\\htdocs\\garage\\public\\index.php(55): Illuminate\\Foundation\\Http\\Kernel->handle(Object(Illuminate\\Http\\Request))
#12 C:\\xampp\\htdocs\\garage\\index.php(21): require_once('C:\\\\xampp\\\\htdocs...')
#13 {main} at C:\\xampp\\htdocs\\garage\\vendor\\laravel\\framework\\src\\Illuminate\\Collections\\Collection.php:11)
[stacktrace]
#0 {main}
"} 
[2022-08-26 17:07:45] laravel.EMERGENCY: Unable to create configured logger. Using emergency logger. {"exception":"[object] (Error(code: 0): Class \"Illuminate\\Support\\Collection\" not found at C:\\xampp\\htdocs\\garage\\vendor\\laravel\\framework\\src\\Illuminate\\Collections\\helpers.php:15)
[stacktrace]
#0 C:\\xampp\\htdocs\\garage\\vendor\\laravel\\framework\\src\\Illuminate\\Log\\LogManager.php(244): collect(Array)
#1 C:\\xampp\\htdocs\\garage\\vendor\\laravel\\framework\\src\\Illuminate\\Log\\LogManager.php(202): Illuminate\\Log\\LogManager->createStackDriver(Array)
#2 C:\\xampp\\htdocs\\garage\\vendor\\laravel\\framework\\src\\Illuminate\\Log\\LogManager.php(118): Illuminate\\Log\\LogManager->resolve('stack')
#3 C:\\xampp\\htdocs\\garage\\vendor\\laravel\\framework\\src\\Illuminate\\Log\\LogManager.php(98): Illuminate\\Log\\LogManager->get('stack')
#4 C:\\xampp\\htdocs\\garage\\vendor\\laravel\\framework\\src\\Illuminate\\Log\\LogManager.php(551): Illuminate\\Log\\LogManager->driver()
#5 C:\\xampp\\htdocs\\garage\\vendor\\laravel\\framework\\src\\Illuminate\\Foundation\\Exceptions\\Handler.php(242): Illuminate\\Log\\LogManager->error('During inherita...', Array)
#6 C:\\xampp\\htdocs\\garage\\app\\Exceptions\\Handler.php(51): Illuminate\\Foundation\\Exceptions\\Handler->report(Object(Symfony\\Component\\ErrorHandler\\Error\\FatalError))
#7 C:\\xampp\\htdocs\\garage\\vendor\\laravel\\framework\\src\\Illuminate\\Foundation\\Bootstrap\\HandleExceptions.php(88): App\\Exceptions\\Handler->report(Object(Symfony\\Component\\ErrorHandler\\Error\\FatalError))
#8 C:\\xampp\\htdocs\\garage\\vendor\\laravel\\framework\\src\\Illuminate\\Foundation\\Bootstrap\\HandleExceptions.php(130): Illuminate\\Foundation\\Bootstrap\\HandleExceptions->handleException(Object(Symfony\\Component\\ErrorHandler\\Error\\FatalError))
#9 [internal function]: Illuminate\\Foundation\\Bootstrap\\HandleExceptions->handleShutdown()
#10 {main}
"} 
[2022-08-26 17:07:45] laravel.ERROR: During inheritance of ArrayAccess: Uncaught ErrorException: Return type of Illuminate\Support\Collection::offsetExists($key) should either be compatible with ArrayAccess::offsetExists(mixed $offset): bool, or the #[\ReturnTypeWillChange] attribute should be used to temporarily suppress the notice in C:\xampp\htdocs\garage\vendor\laravel\framework\src\Illuminate\Collections\Collection.php:1411
Stack trace:
#0 C:\xampp\htdocs\garage\vendor\laravel\framework\src\Illuminate\Collections\Collection.php(11): Illuminate\Foundation\Bootstrap\HandleExceptions->handleError(8192, 'Return type of ...', 'C:\\xampp\\htdocs...', 1411)
#1 C:\xampp\htdocs\garage\vendor\composer\ClassLoader.php(476): include('C:\\xampp\\htdocs...')
#2 C:\xampp\htdocs\garage\vendor\composer\ClassLoader.php(344): Composer\Autoload\includeFile('C:\\xampp\\htdocs...')
#3 C:\xampp\htdocs\garage\vendor\laravel\framework\src\Illuminate\Collections\helpers.php(15): Composer\Autoload\ClassLoader->loadClass('Illuminate\\Supp...')
#4 C:\xampp\htdocs\garage\vendor\laravel\framework\src\Illuminate\Foundation\PackageManifest.php(89): collect(Array)
#5 C:\xampp\htdocs\garage\vendor\laravel\framework\src\Illuminate\Foundation\PackageManifest.php(78): Illuminate\Foundation\PackageManifest->config('aliases')
#6 C:\xampp\htdocs\garage\vendor\laravel\framework\src\Illuminate\Foundation\Bootstrap\RegisterFacades.php(26): Illuminate\Foundation\PackageManifest->aliases()
#7 C:\xampp\htdocs\garage\vendor\laravel\framework\src\Illuminate\Foundation\Application.php(237): Illuminate\Foundation\Bootstrap\RegisterFacades->bootstrap(Object(Illuminate\Foundation\Application))
#8 C:\xampp\htdocs\garage\vendor\laravel\framework\src\Illuminate\Foundation\Http\Kernel.php(152): Illuminate\Foundation\Application->bootstrapWith(Array)
#9 C:\xampp\htdocs\garage\vendor\laravel\framework\src\Illuminate\Foundation\Http\Kernel.php(136): Illuminate\Foundation\Http\Kernel->bootstrap()
#10 C:\xampp\htdocs\garage\vendor\laravel\framework\src\Illuminate\Foundation\Http\Kernel.php(110): Illuminate\Foundation\Http\Kernel->sendRequestThroughRouter(Object(Illuminate\Http\Request))
#11 C:\xampp\htdocs\garage\public\index.php(55): Illuminate\Foundation\Http\Kernel->handle(Object(Illuminate\Http\Request))
#12 C:\xampp\htdocs\garage\index.php(21): require_once('C:\\xampp\\htdocs...')
#13 {main} {"exception":"[object] (Symfony\\Component\\ErrorHandler\\Error\\FatalError(code: 0): During inheritance of ArrayAccess: Uncaught ErrorException: Return type of Illuminate\\Support\\Collection::offsetExists($key) should either be compatible with ArrayAccess::offsetExists(mixed $offset): bool, or the #[\\ReturnTypeWillChange] attribute should be used to temporarily suppress the notice in C:\\xampp\\htdocs\\garage\\vendor\\laravel\\framework\\src\\Illuminate\\Collections\\Collection.php:1411
Stack trace:
#0 C:\\xampp\\htdocs\\garage\\vendor\\laravel\\framework\\src\\Illuminate\\Collections\\Collection.php(11): Illuminate\\Foundation\\Bootstrap\\HandleExceptions->handleError(8192, 'Return type of ...', 'C:\\\\xampp\\\\htdocs...', 1411)
#1 C:\\xampp\\htdocs\\garage\\vendor\\composer\\ClassLoader.php(476): include('C:\\\\xampp\\\\htdocs...')
#2 C:\\xampp\\htdocs\\garage\\vendor\\composer\\ClassLoader.php(344): Composer\\Autoload\\includeFile('C:\\\\xampp\\\\htdocs...')
#3 C:\\xampp\\htdocs\\garage\\vendor\\laravel\\framework\\src\\Illuminate\\Collections\\helpers.php(15): Composer\\Autoload\\ClassLoader->loadClass('Illuminate\\\\Supp...')
#4 C:\\xampp\\htdocs\\garage\\vendor\\laravel\\framework\\src\\Illuminate\\Foundation\\PackageManifest.php(89): collect(Array)
#5 C:\\xampp\\htdocs\\garage\\vendor\\laravel\\framework\\src\\Illuminate\\Foundation\\PackageManifest.php(78): Illuminate\\Foundation\\PackageManifest->config('aliases')
#6 C:\\xampp\\htdocs\\garage\\vendor\\laravel\\framework\\src\\Illuminate\\Foundation\\Bootstrap\\RegisterFacades.php(26): Illuminate\\Foundation\\PackageManifest->aliases()
#7 C:\\xampp\\htdocs\\garage\\vendor\\laravel\\framework\\src\\Illuminate\\Foundation\\Application.php(237): Illuminate\\Foundation\\Bootstrap\\RegisterFacades->bootstrap(Object(Illuminate\\Foundation\\Application))
#8 C:\\xampp\\htdocs\\garage\\vendor\\laravel\\framework\\src\\Illuminate\\Foundation\\Http\\Kernel.php(152): Illuminate\\Foundation\\Application->bootstrapWith(Array)
#9 C:\\xampp\\htdocs\\garage\\vendor\\laravel\\framework\\src\\Illuminate\\Foundation\\Http\\Kernel.php(136): Illuminate\\Foundation\\Http\\Kernel->bootstrap()
#10 C:\\xampp\\htdocs\\garage\\vendor\\laravel\\framework\\src\\Illuminate\\Foundation\\Http\\Kernel.php(110): Illuminate\\Foundation\\Http\\Kernel->sendRequestThroughRouter(Object(Illuminate\\Http\\Request))
#11 C:\\xampp\\htdocs\\garage\\public\\index.php(55): Illuminate\\Foundation\\Http\\Kernel->handle(Object(Illuminate\\Http\\Request))
#12 C:\\xampp\\htdocs\\garage\\index.php(21): require_once('C:\\\\xampp\\\\htdocs...')
#13 {main} at C:\\xampp\\htdocs\\garage\\vendor\\laravel\\framework\\src\\Illuminate\\Collections\\Collection.php:11)
[stacktrace]
#0 {main}
"} 
